2023-04-18 20:44:53 INFO  Log:13 - ********************************************
2023-04-18 20:44:53 INFO  Log:14 - ********************************************
2023-04-18 20:44:53 INFO  Log:15 - ***********Thia ia thw beginning of my Test Case**************
2023-04-18 20:44:53 INFO  Log:27 - My test case is executin right now
2023-04-18 20:44:53 INFO  Log:31 - My test case might have some trivial issues
2023-04-18 20:45:01 INFO  Log:27 - This test case is about to get completed
2023-04-18 20:45:01 INFO  Log:21 - ########################################
2023-04-18 20:45:01 INFO  Log:22 - ########################################
2023-04-18 20:45:01 INFO  Log:23 - ##############This test case is finished##########################
2023-04-18 21:58:05 INFO  Log:13 - ********************************************
2023-04-18 21:58:05 INFO  Log:14 - ********************************************
2023-04-18 21:58:05 INFO  Log:15 - ***********Thia ia thw beginning of my Test Case**************
2023-04-18 21:58:05 INFO  Log:27 - My test case is executin right now
2023-04-18 21:58:05 INFO  Log:31 - My test case might have some trivial issues
2023-04-18 21:58:11 INFO  Log:27 - This test case is about to get completed
2023-04-18 21:58:11 INFO  Log:21 - ########################################
2023-04-18 21:58:11 INFO  Log:22 - ########################################
2023-04-18 21:58:11 INFO  Log:23 - ##############This test case is finished##########################
2023-05-30 21:33:27 INFO  Log:13 - ********************************************
2023-05-30 21:33:27 INFO  Log:14 - ********************************************
2023-05-30 21:33:27 INFO  Log:15 - ***********Thia ia thw beginning of my Test Case**************
2023-05-30 21:33:27 INFO  Log:27 - My test case is executin right now
2023-05-30 21:33:27 INFO  Log:31 - My test case might have some trivial issues
2023-05-30 21:33:56 INFO  Log:27 - This test case is about to get completed
2023-05-30 21:33:56 INFO  Log:21 - ########################################
2023-05-30 21:33:56 INFO  Log:22 - ########################################
2023-05-30 21:33:56 INFO  Log:23 - ##############This test case is finished##########################
2023-05-30 21:35:04 INFO  Log:13 - ********************************************
2023-05-30 21:35:04 INFO  Log:14 - ********************************************
2023-05-30 21:35:04 INFO  Log:15 - ***********Thia ia thw beginning of my Test Case**************
2023-05-30 21:35:04 INFO  Log:27 - My test case is executin right now
2023-05-30 21:35:04 INFO  Log:31 - My test case might have some trivial issues
2023-05-30 21:38:17 INFO  Log:13 - ********************************************
2023-05-30 21:38:17 INFO  Log:14 - ********************************************
2023-05-30 21:38:17 INFO  Log:15 - ***********Thia ia thw beginning of my Test Case**************
2023-05-30 21:38:17 INFO  Log:27 - My test case is executin right now
2023-05-30 21:38:17 INFO  Log:31 - My test case might have some trivial issues
2023-05-30 21:38:23 INFO  Log:27 - This test case is about to get completed
2023-05-30 21:38:23 INFO  Log:21 - ########################################
2023-05-30 21:38:23 INFO  Log:22 - ########################################
2023-05-30 21:38:23 INFO  Log:23 - ##############This test case is finished##########################
